[0623/100508.298:ERROR:process_reader_win.cc(123)] NtOpenThread: {无法访问} 过程已请求访问一对象，但未给访问权限。 (0xc0000022)
[0623/100508.300:ERROR:exception_snapshot_win.cc(98)] thread ID 9968 not found in process
[0623/100508.701:ERROR:process_reader_win.cc(123)] NtOpenThread: {无法访问} 过程已请求访问一对象，但未给访问权限。 (0xc0000022)
[0623/100508.702:ERROR:exception_snapshot_win.cc(98)] thread ID 4840 not found in process
[0818/165557.239:ERROR:process_memory_win.cc(73)] ReadMemory at 0x298ed3d37b0 of 72 bytes failed: 仅完成部分的 ReadProcessMemory 或 WriteProcessMemory 请求。 (0x12B)
[0818/165557.241:WARNING:pe_image_annotations_reader.cc(134)] could not read annotations list object in C:\Program Files (x86)\Google\Chrome\Application\81.0.4044.138\chrome_elf.dll
[0818/165557.242:ERROR:process_memory_win.cc(73)] ReadMemory at 0x298eda06260 of 72 bytes failed: 仅完成部分的 ReadProcessMemory 或 WriteProcessMemory 请求。 (0x12B)
[0818/165557.242:WARNING:pe_image_annotations_reader.cc(134)] could not read annotations list object in C:\Program Files (x86)\Google\Chrome\Application\81.0.4044.138\chrome.dll
[0818/165557.249:ERROR:process_memory_win.cc(73)] ReadMemory at 0x298ed3d37b0 of 72 bytes failed: 仅完成部分的 ReadProcessMemory 或 WriteProcessMemory 请求。 (0x12B)
[0818/165557.249:WARNING:pe_image_annotations_reader.cc(134)] could not read annotations list object in C:\Program Files (x86)\Google\Chrome\Application\81.0.4044.138\chrome_elf.dll
[0818/165557.249:ERROR:process_memory_win.cc(73)] ReadMemory at 0x298eda06260 of 72 bytes failed: 仅完成部分的 ReadProcessMemory 或 WriteProcessMemory 请求。 (0x12B)
[0818/165557.249:WARNING:pe_image_annotations_reader.cc(134)] could not read annotations list object in C:\Program Files (x86)\Google\Chrome\Application\81.0.4044.138\chrome.dll
[0818/165557.250:ERROR:process_memory_win.cc(73)] ReadMemory at 0x298ed3d37b0 of 72 bytes failed: 仅完成部分的 ReadProcessMemory 或 WriteProcessMemory 请求。 (0x12B)
[0818/165557.250:WARNING:pe_image_annotations_reader.cc(134)] could not read annotations list object in C:\Program Files (x86)\Google\Chrome\Application\81.0.4044.138\chrome_elf.dll
[0818/165557.250:ERROR:process_memory_win.cc(73)] ReadMemory at 0x298eda06260 of 72 bytes failed: 仅完成部分的 ReadProcessMemory 或 WriteProcessMemory 请求。 (0x12B)
[0818/165557.250:WARNING:pe_image_annotations_reader.cc(134)] could not read annotations list object in C:\Program Files (x86)\Google\Chrome\Application\81.0.4044.138\chrome.dll
[0818/165557.266:ERROR:process_memory_win.cc(73)] ReadMemory at 0xcf927ee000 of 73728 bytes failed: 仅完成部分的 ReadProcessMemory 或 WriteProcessMemory 请求。 (0x12B)
[0818/165557.267:ERROR:process_memory_win.cc(73)] ReadMemory at 0xcf92ffd000 of 12288 bytes failed: 仅完成部分的 ReadProcessMemory 或 WriteProcessMemory 请求。 (0x12B)
[0818/165557.267:ERROR:process_memory_win.cc(73)] ReadMemory at 0xcf93ffd000 of 12288 bytes failed: 仅完成部分的 ReadProcessMemory 或 WriteProcessMemory 请求。 (0x12B)
[0818/165557.267:ERROR:process_memory_win.cc(73)] ReadMemory at 0xcf947fc000 of 16384 bytes failed: 仅完成部分的 ReadProcessMemory 或 WriteProcessMemory 请求。 (0x12B)
[0818/165557.267:ERROR:process_memory_win.cc(73)] ReadMemory at 0xcf94ffe000 of 8192 bytes failed: 仅完成部分的 ReadProcessMemory 或 WriteProcessMemory 请求。 (0x12B)
[0818/165557.267:ERROR:process_memory_win.cc(73)] ReadMemory at 0xcf957fd000 of 12288 bytes failed: 仅完成部分的 ReadProcessMemory 或 WriteProcessMemory 请求。 (0x12B)
[0818/165557.267:ERROR:process_memory_win.cc(73)] ReadMemory at 0xcf95ffb000 of 20480 bytes failed: 仅完成部分的 ReadProcessMemory 或 WriteProcessMemory 请求。 (0x12B)
[0818/165557.267:ERROR:process_memory_win.cc(73)] ReadMemory at 0xcf96ffd000 of 12288 bytes failed: 仅完成部分的 ReadProcessMemory 或 WriteProcessMemory 请求。 (0x12B)
[0818/165557.267:ERROR:process_memory_win.cc(73)] ReadMemory at 0xcf977f6000 of 40960 bytes failed: 仅完成部分的 ReadProcessMemory 或 WriteProcessMemory 请求。 (0x12B)
[0818/165557.267:ERROR:process_memory_win.cc(73)] ReadMemory at 0xcf97ff5000 of 45056 bytes failed: 仅完成部分的 ReadProcessMemory 或 WriteProcessMemory 请求。 (0x12B)
[0818/165557.267:ERROR:process_memory_win.cc(73)] ReadMemory at 0xcf987fd000 of 12288 bytes failed: 仅完成部分的 ReadProcessMemory 或 WriteProcessMemory 请求。 (0x12B)
[0818/165557.267:ERROR:process_memory_win.cc(73)] ReadMemory at 0xcf997fc000 of 16384 bytes failed: 仅完成部分的 ReadProcessMemory 或 WriteProcessMemory 请求。 (0x12B)
[0818/165557.267:ERROR:process_memory_win.cc(73)] ReadMemory at 0xcf967fd000 of 12288 bytes failed: 仅完成部分的 ReadProcessMemory 或 WriteProcessMemory 请求。 (0x12B)
[0818/165557.268:ERROR:process_memory_win.cc(73)] ReadMemory at 0xcf98ffc000 of 16384 bytes failed: 仅完成部分的 ReadProcessMemory 或 WriteProcessMemory 请求。 (0x12B)
[0818/165557.268:ERROR:process_memory_win.cc(73)] ReadMemory at 0xcf937fd000 of 12288 bytes failed: 仅完成部分的 ReadProcessMemory 或 WriteProcessMemory 请求。 (0x12B)
[0818/165557.268:ERROR:process_memory_win.cc(73)] ReadMemory at 0xcf91e99000 of 852 bytes failed: 仅完成部分的 ReadProcessMemory 或 WriteProcessMemory 请求。 (0x12B)
[0818/165557.268:ERROR:process_memory_win.cc(73)] ReadMemory at 0xcf91e9a000 of 6024 bytes failed: 仅完成部分的 ReadProcessMemory 或 WriteProcessMemory 请求。 (0x12B)
[0818/165557.268:ERROR:process_memory_win.cc(73)] ReadMemory at 0xcf91e9c000 of 6024 bytes failed: 仅完成部分的 ReadProcessMemory 或 WriteProcessMemory 请求。 (0x12B)
[0818/165557.268:ERROR:process_memory_win.cc(73)] ReadMemory at 0xcf91ea0000 of 6024 bytes failed: 仅完成部分的 ReadProcessMemory 或 WriteProcessMemory 请求。 (0x12B)
[0818/165557.268:ERROR:process_memory_win.cc(73)] ReadMemory at 0xcf91ea2000 of 6024 bytes failed: 仅完成部分的 ReadProcessMemory 或 WriteProcessMemory 请求。 (0x12B)
[0818/165557.268:ERROR:process_memory_win.cc(73)] ReadMemory at 0xcf91ea4000 of 6024 bytes failed: 仅完成部分的 ReadProcessMemory 或 WriteProcessMemory 请求。 (0x12B)
[0818/165557.268:ERROR:process_memory_win.cc(73)] ReadMemory at 0xcf91ea6000 of 6024 bytes failed: 仅完成部分的 ReadProcessMemory 或 WriteProcessMemory 请求。 (0x12B)
[0818/165557.268:ERROR:process_memory_win.cc(73)] ReadMemory at 0xcf91ea8000 of 6024 bytes failed: 仅完成部分的 ReadProcessMemory 或 WriteProcessMemory 请求。 (0x12B)
[0818/165557.268:ERROR:process_memory_win.cc(73)] ReadMemory at 0xcf91eac000 of 6024 bytes failed: 仅完成部分的 ReadProcessMemory 或 WriteProcessMemory 请求。 (0x12B)
[0818/165557.268:ERROR:process_memory_win.cc(73)] ReadMemory at 0xcf91eae000 of 6024 bytes failed: 仅完成部分的 ReadProcessMemory 或 WriteProcessMemory 请求。 (0x12B)
[0818/165557.268:ERROR:process_memory_win.cc(73)] ReadMemory at 0xcf91eb0000 of 6024 bytes failed: 仅完成部分的 ReadProcessMemory 或 WriteProcessMemory 请求。 (0x12B)
[0818/165557.268:ERROR:process_memory_win.cc(73)] ReadMemory at 0xcf91eb2000 of 6024 bytes failed: 仅完成部分的 ReadProcessMemory 或 WriteProcessMemory 请求。 (0x12B)
[0818/165557.269:ERROR:process_memory_win.cc(73)] ReadMemory at 0xcf91eb8000 of 6024 bytes failed: 仅完成部分的 ReadProcessMemory 或 WriteProcessMemory 请求。 (0x12B)
[0818/165557.269:ERROR:process_memory_win.cc(73)] ReadMemory at 0xcf91ec2000 of 6024 bytes failed: 仅完成部分的 ReadProcessMemory 或 WriteProcessMemory 请求。 (0x12B)
[0818/165557.269:ERROR:process_memory_win.cc(73)] ReadMemory at 0xcf91ece000 of 6024 bytes failed: 仅完成部分的 ReadProcessMemory 或 WriteProcessMemory 请求。 (0x12B)
[0818/165557.269:ERROR:process_memory_win.cc(73)] ReadMemory at 0xcf91edc000 of 6024 bytes failed: 仅完成部分的 ReadProcessMemory 或 WriteProcessMemory 请求。 (0x12B)
[0818/165557.269:ERROR:process_memory_win.cc(73)] ReadMemory at 0x298ed440fe0 of 8668 bytes failed: 仅完成部分的 ReadProcessMemory 或 WriteProcessMemory 请求。 (0x12B)
[0818/165557.269:ERROR:process_memory_win.cc(73)] ReadMemory at 0x298ed4431d0 of 1012 bytes failed: 仅完成部分的 ReadProcessMemory 或 WriteProcessMemory 请求。 (0x12B)
[0818/165557.269:ERROR:process_memory_win.cc(73)] ReadMemory at 0x298ed443818 of 118 bytes failed: 仅完成部分的 ReadProcessMemory 或 WriteProcessMemory 请求。 (0x12B)
[0818/165557.269:ERROR:process_memory_win.cc(73)] ReadMemory at 0x298ed443890 of 1260 bytes failed: 仅完成部分的 ReadProcessMemory 或 WriteProcessMemory 请求。 (0x12B)
[0818/165557.269:ERROR:process_memory_win.cc(73)] ReadMemory at 0x298ed443d7e of 118 bytes failed: 仅完成部分的 ReadProcessMemory 或 WriteProcessMemory 请求。 (0x12B)
[0818/165557.269:ERROR:process_memory_win.cc(73)] ReadMemory at 0x298ed443df6 of 96 bytes failed: 仅完成部分的 ReadProcessMemory 或 WriteProcessMemory 请求。 (0x12B)
[0818/165557.269:ERROR:process_memory_win.cc(73)] ReadMemory at 0x298ed443e70 of 58 bytes failed: 仅完成部分的 ReadProcessMemory 或 WriteProcessMemory 请求。 (0x12B)
[0818/165557.269:ERROR:process_memory_win.cc(73)] ReadMemory at 0x298ed443f70 of 132 bytes failed: 仅完成部分的 ReadProcessMemory 或 WriteProcessMemory 请求。 (0x12B)
[0818/165557.269:ERROR:process_memory_win.cc(73)] ReadMemory at 0x298ed444100 of 132 bytes failed: 仅完成部分的 ReadProcessMemory 或 WriteProcessMemory 请求。 (0x12B)
[0818/165557.269:ERROR:process_memory_win.cc(73)] ReadMemory at 0x298ed4442c0 of 126 bytes failed: 仅完成部分的 ReadProcessMemory 或 WriteProcessMemory 请求。 (0x12B)
[0818/165557.269:ERROR:process_memory_win.cc(73)] ReadMemory at 0x298ed4446a0 of 132 bytes failed: 仅完成部分的 ReadProcessMemory 或 WriteProcessMemory 请求。 (0x12B)
[0818/165557.270:ERROR:process_memory_win.cc(73)] ReadMemory at 0x298ed444830 of 64 bytes failed: 仅完成部分的 ReadProcessMemory 或 WriteProcessMemory 请求。 (0x12B)
[0818/165557.270:ERROR:process_memory_win.cc(73)] ReadMemory at 0x298ed444880 of 132 bytes failed: 仅完成部分的 ReadProcessMemory 或 WriteProcessMemory 请求。 (0x12B)
[0818/165557.270:ERROR:process_memory_win.cc(73)] ReadMemory at 0x298ed444c90 of 132 bytes failed: 仅完成部分的 ReadProcessMemory 或 WriteProcessMemory 请求。 (0x12B)
[0818/165557.270:ERROR:process_memory_win.cc(73)] ReadMemory at 0x298ed444e20 of 68 bytes failed: 仅完成部分的 ReadProcessMemory 或 WriteProcessMemory 请求。 (0x12B)
[0818/165557.270:ERROR:process_memory_win.cc(73)] ReadMemory at 0x298ed445ea0 of 132 bytes failed: 仅完成部分的 ReadProcessMemory 或 WriteProcessMemory 请求。 (0x12B)
[0818/165557.270:ERROR:process_memory_win.cc(73)] ReadMemory at 0x298ed445fd0 of 132 bytes failed: 仅完成部分的 ReadProcessMemory 或 WriteProcessMemory 请求。 (0x12B)
[0818/165557.270:ERROR:process_memory_win.cc(73)] ReadMemory at 0x298ed446100 of 154 bytes failed: 仅完成部分的 ReadProcessMemory 或 WriteProcessMemory 请求。 (0x12B)
[0818/165557.270:ERROR:process_memory_win.cc(73)] ReadMemory at 0x298ed446fe0 of 62 bytes failed: 仅完成部分的 ReadProcessMemory 或 WriteProcessMemory 请求。 (0x12B)
[0818/165557.270:ERROR:process_memory_win.cc(73)] ReadMemory at 0x298ed447060 of 146 bytes failed: 仅完成部分的 ReadProcessMemory 或 WriteProcessMemory 请求。 (0x12B)
[0818/165557.270:ERROR:process_memory_win.cc(73)] ReadMemory at 0x298ed447140 of 132 bytes failed: 仅完成部分的 ReadProcessMemory 或 WriteProcessMemory 请求。 (0x12B)
[0818/165557.271:ERROR:process_memory_win.cc(73)] ReadMemory at 0x298ed4472d0 of 60 bytes failed: 仅完成部分的 ReadProcessMemory 或 WriteProcessMemory 请求。 (0x12B)
[0818/165557.271:ERROR:process_memory_win.cc(73)] ReadMemory at 0x298ed44750c of 512 bytes failed: 仅完成部分的 ReadProcessMemory 或 WriteProcessMemory 请求。 (0x12B)
[0818/165557.271:ERROR:process_memory_win.cc(73)] ReadMemory at 0x298ed448e20 of 132 bytes failed: 仅完成部分的 ReadProcessMemory 或 WriteProcessMemory 请求。 (0x12B)
[0818/165557.271:ERROR:process_memory_win.cc(73)] ReadMemory at 0x298ed44b800 of 132 bytes failed: 仅完成部分的 ReadProcessMemory 或 WriteProcessMemory 请求。 (0x12B)
[0818/165557.271:ERROR:process_memory_win.cc(73)] ReadMemory at 0x298ed44ba20 of 132 bytes failed: 仅完成部分的 ReadProcessMemory 或 WriteProcessMemory 请求。 (0x12B)
[0818/165557.271:ERROR:process_memory_win.cc(73)] ReadMemory at 0x298ed44be20 of 64 bytes failed: 仅完成部分的 ReadProcessMemory 或 WriteProcessMemory 请求。 (0x12B)
[0818/165557.271:ERROR:process_memory_win.cc(73)] ReadMemory at 0x298ed44be70 of 60 bytes failed: 仅完成部分的 ReadProcessMemory 或 WriteProcessMemory 请求。 (0x12B)
[0818/165557.271:ERROR:process_memory_win.cc(73)] ReadMemory at 0x298ed44c1e0 of 64 bytes failed: 仅完成部分的 ReadProcessMemory 或 WriteProcessMemory 请求。 (0x12B)
[0818/165557.271:ERROR:process_memory_win.cc(73)] ReadMemory at 0x298ed44c230 of 62 bytes failed: 仅完成部分的 ReadProcessMemory 或 WriteProcessMemory 请求。 (0x12B)
[0818/165557.271:ERROR:process_memory_win.cc(73)] ReadMemory at 0x298ed44c2d0 of 60 bytes failed: 仅完成部分的 ReadProcessMemory 或 WriteProcessMemory 请求。 (0x12B)
[0818/165557.271:ERROR:process_memory_win.cc(73)] ReadMemory at 0x298ed44c320 of 64 bytes failed: 仅完成部分的 ReadProcessMemory 或 WriteProcessMemory 请求。 (0x12B)
[0818/165557.271:ERROR:process_memory_win.cc(73)] ReadMemory at 0x298ed44c370 of 66 bytes failed: 仅完成部分的 ReadProcessMemory 或 WriteProcessMemory 请求。 (0x12B)
[0818/165557.271:ERROR:process_memory_win.cc(73)] ReadMemory at 0x298ed44c3c0 of 64 bytes failed: 仅完成部分的 ReadProcessMemory 或 WriteProcessMemory 请求。 (0x12B)
[0818/165557.271:ERROR:process_memory_win.cc(73)] ReadMemory at 0x298ed44c460 of 62 bytes failed: 仅完成部分的 ReadProcessMemory 或 WriteProcessMemory 请求。 (0x12B)
[0818/165557.272:ERROR:process_memory_win.cc(73)] ReadMemory at 0x298ed44c8f0 of 132 bytes failed: 仅完成部分的 ReadProcessMemory 或 WriteProcessMemory 请求。 (0x12B)
[0818/165557.272:ERROR:process_memory_win.cc(73)] ReadMemory at 0x298ed44cb20 of 132 bytes failed: 仅完成部分的 ReadProcessMemory 或 WriteProcessMemory 请求。 (0x12B)
[0818/165557.272:ERROR:process_memory_win.cc(73)] ReadMemory at 0x298ed44ccb0 of 80 bytes failed: 仅完成部分的 ReadProcessMemory 或 WriteProcessMemory 请求。 (0x12B)
[0818/165557.272:ERROR:process_memory_win.cc(73)] ReadMemory at 0x298ed44ce60 of 80 bytes failed: 仅完成部分的 ReadProcessMemory 或 WriteProcessMemory 请求。 (0x12B)
[0818/165557.272:ERROR:process_memory_win.cc(73)] ReadMemory at 0x298ed44d400 of 76 bytes failed: 仅完成部分的 ReadProcessMemory 或 WriteProcessMemory 请求。 (0x12B)
[0818/165557.272:ERROR:process_memory_win.cc(73)] ReadMemory at 0x298ed44db80 of 78 bytes failed: 仅完成部分的 ReadProcessMemory 或 WriteProcessMemory 请求。 (0x12B)
[0818/165557.272:ERROR:process_memory_win.cc(73)] ReadMemory at 0x298ed44dfa0 of 62 bytes failed: 仅完成部分的 ReadProcessMemory 或 WriteProcessMemory 请求。 (0x12B)
[0818/165557.272:ERROR:process_memory_win.cc(73)] ReadMemory at 0x298ed44e090 of 58 bytes failed: 仅完成部分的 ReadProcessMemory 或 WriteProcessMemory 请求。 (0x12B)
[0818/165557.272:ERROR:process_memory_win.cc(73)] ReadMemory at 0x298ed44e0e0 of 62 bytes failed: 仅完成部分的 ReadProcessMemory 或 WriteProcessMemory 请求。 (0x12B)
[0818/165557.272:ERROR:process_memory_win.cc(73)] ReadMemory at 0x298ed44e130 of 64 bytes failed: 仅完成部分的 ReadProcessMemory 或 WriteProcessMemory 请求。 (0x12B)
[0818/165557.272:ERROR:process_memory_win.cc(73)] ReadMemory at 0x298ed44e180 of 62 bytes failed: 仅完成部分的 ReadProcessMemory 或 WriteProcessMemory 请求。 (0x12B)
[0818/165557.272:ERROR:process_memory_win.cc(73)] ReadMemory at 0x298ed44e1d0 of 64 bytes failed: 仅完成部分的 ReadProcessMemory 或 WriteProcessMemory 请求。 (0x12B)
[0818/165557.272:ERROR:process_memory_win.cc(73)] ReadMemory at 0x298ed44e360 of 62 bytes failed: 仅完成部分的 ReadProcessMemory 或 WriteProcessMemory 请求。 (0x12B)
[0818/165557.272:ERROR:process_memory_win.cc(73)] ReadMemory at 0x298ed44e3b0 of 66 bytes failed: 仅完成部分的 ReadProcessMemory 或 WriteProcessMemory 请求。 (0x12B)
[0818/165557.273:ERROR:process_memory_win.cc(73)] ReadMemory at 0x298ed44e4f0 of 62 bytes failed: 仅完成部分的 ReadProcessMemory 或 WriteProcessMemory 请求。 (0x12B)
[0818/165557.273:ERROR:process_memory_win.cc(73)] ReadMemory at 0x298ed44e5e0 of 64 bytes failed: 仅完成部分的 ReadProcessMemory 或 WriteProcessMemory 请求。 (0x12B)
[0818/165557.273:ERROR:process_memory_win.cc(73)] ReadMemory at 0x298ed44e8b0 of 60 bytes failed: 仅完成部分的 ReadProcessMemory 或 WriteProcessMemory 请求。 (0x12B)
[0818/165557.273:ERROR:process_memory_win.cc(73)] ReadMemory at 0x298ed44e900 of 64 bytes failed: 仅完成部分的 ReadProcessMemory 或 WriteProcessMemory 请求。 (0x12B)
[0818/165557.273:ERROR:process_memory_win.cc(73)] ReadMemory at 0x298ed44e950 of 62 bytes failed: 仅完成部分的 ReadProcessMemory 或 WriteProcessMemory 请求。 (0x12B)
[0818/165557.273:ERROR:process_memory_win.cc(73)] ReadMemory at 0x298ed44e9a0 of 60 bytes failed: 仅完成部分的 ReadProcessMemory 或 WriteProcessMemory 请求。 (0x12B)
[0818/165557.273:ERROR:process_memory_win.cc(73)] ReadMemory at 0x298ed44ea40 of 62 bytes failed: 仅完成部分的 ReadProcessMemory 或 WriteProcessMemory 请求。 (0x12B)
[0818/165557.273:ERROR:process_memory_win.cc(73)] ReadMemory at 0x298ed44eb80 of 60 bytes failed: 仅完成部分的 ReadProcessMemory 或 WriteProcessMemory 请求。 (0x12B)
[0818/165557.274:ERROR:process_memory_win.cc(73)] ReadMemory at 0x298ed44ebd0 of 60 bytes failed: 仅完成部分的 ReadProcessMemory 或 WriteProcessMemory 请求。 (0x12B)
[0818/165557.274:ERROR:process_memory_win.cc(73)] ReadMemory at 0x298ed44ed60 of 62 bytes failed: 仅完成部分的 ReadProcessMemory 或 WriteProcessMemory 请求。 (0x12B)
[0818/165557.274:ERROR:process_memory_win.cc(73)] ReadMemory at 0x298ed4507b0 of 54 bytes failed: 仅完成部分的 ReadProcessMemory 或 WriteProcessMemory 请求。 (0x12B)
[0818/165557.274:ERROR:process_memory_win.cc(73)] ReadMemory at 0x298ed451c90 of 132 bytes failed: 仅完成部分的 ReadProcessMemory 或 WriteProcessMemory 请求。 (0x12B)
[0818/165557.274:ERROR:process_memory_win.cc(73)] ReadMemory at 0x298ed451ff0 of 132 bytes failed: 仅完成部分的 ReadProcessMemory 或 WriteProcessMemory 请求。 (0x12B)
[0818/165557.274:ERROR:process_memory_win.cc(73)] ReadMemory at 0x298ed4547b0 of 132 bytes failed: 仅完成部分的 ReadProcessMemory 或 WriteProcessMemory 请求。 (0x12B)
[0818/165557.274:ERROR:process_memory_win.cc(73)] ReadMemory at 0x298ed456390 of 132 bytes failed: 仅完成部分的 ReadProcessMemory 或 WriteProcessMemory 请求。 (0x12B)
[0818/165557.274:ERROR:process_memory_win.cc(73)] ReadMemory at 0x298ed4564c0 of 132 bytes failed: 仅完成部分的 ReadProcessMemory 或 WriteProcessMemory 请求。 (0x12B)
[0818/165557.274:ERROR:process_memory_win.cc(73)] ReadMemory at 0x298ed4565f0 of 132 bytes failed: 仅完成部分的 ReadProcessMemory 或 WriteProcessMemory 请求。 (0x12B)
[0818/165557.274:ERROR:process_memory_win.cc(73)] ReadMemory at 0x298ed456720 of 132 bytes failed: 仅完成部分的 ReadProcessMemory 或 WriteProcessMemory 请求。 (0x12B)
[0818/165557.274:ERROR:process_memory_win.cc(73)] ReadMemory at 0x298ed456850 of 132 bytes failed: 仅完成部分的 ReadProcessMemory 或 WriteProcessMemory 请求。 (0x12B)
[0818/165557.274:ERROR:process_memory_win.cc(73)] ReadMemory at 0x298ed456980 of 132 bytes failed: 仅完成部分的 ReadProcessMemory 或 WriteProcessMemory 请求。 (0x12B)
[0818/165557.274:ERROR:process_memory_win.cc(73)] ReadMemory at 0x298ed456ab0 of 132 bytes failed: 仅完成部分的 ReadProcessMemory 或 WriteProcessMemory 请求。 (0x12B)
[0818/165557.274:ERROR:process_memory_win.cc(73)] ReadMemory at 0x298ed456be0 of 132 bytes failed: 仅完成部分的 ReadProcessMemory 或 WriteProcessMemory 请求。 (0x12B)
[0818/165557.274:ERROR:process_memory_win.cc(73)] ReadMemory at 0x298ed456e40 of 132 bytes failed: 仅完成部分的 ReadProcessMemory 或 WriteProcessMemory 请求。 (0x12B)
[0818/165557.275:ERROR:process_memory_win.cc(73)] ReadMemory at 0x298ed456f70 of 132 bytes failed: 仅完成部分的 ReadProcessMemory 或 WriteProcessMemory 请求。 (0x12B)
[0818/165557.275:ERROR:process_memory_win.cc(73)] ReadMemory at 0x298ed4570a0 of 132 bytes failed: 仅完成部分的 ReadProcessMemory 或 WriteProcessMemory 请求。 (0x12B)
[0818/165557.275:ERROR:process_memory_win.cc(73)] ReadMemory at 0x298ed4571d0 of 132 bytes failed: 仅完成部分的 ReadProcessMemory 或 WriteProcessMemory 请求。 (0x12B)
[0818/165557.275:ERROR:process_memory_win.cc(73)] ReadMemory at 0x298ed458070 of 132 bytes failed: 仅完成部分的 ReadProcessMemory 或 WriteProcessMemory 请求。 (0x12B)
[0818/165557.275:ERROR:process_memory_win.cc(73)] ReadMemory at 0x298ed4581a0 of 132 bytes failed: 仅完成部分的 ReadProcessMemory 或 WriteProcessMemory 请求。 (0x12B)
[0818/165557.275:ERROR:process_memory_win.cc(73)] ReadMemory at 0x298ed458400 of 132 bytes failed: 仅完成部分的 ReadProcessMemory 或 WriteProcessMemory 请求。 (0x12B)
[0818/165557.275:ERROR:process_memory_win.cc(73)] ReadMemory at 0x298ed458530 of 132 bytes failed: 仅完成部分的 ReadProcessMemory 或 WriteProcessMemory 请求。 (0x12B)
[0818/165557.275:ERROR:process_memory_win.cc(73)] ReadMemory at 0x298ed458660 of 132 bytes failed: 仅完成部分的 ReadProcessMemory 或 WriteProcessMemory 请求。 (0x12B)
[0818/165557.275:ERROR:process_memory_win.cc(73)] ReadMemory at 0x298ed458790 of 132 bytes failed: 仅完成部分的 ReadProcessMemory 或 WriteProcessMemory 请求。 (0x12B)
[0818/165557.275:ERROR:process_memory_win.cc(73)] ReadMemory at 0x298ed4588c0 of 132 bytes failed: 仅完成部分的 ReadProcessMemory 或 WriteProcessMemory 请求。 (0x12B)
[0818/165557.275:ERROR:process_memory_win.cc(73)] ReadMemory at 0x298ed4589f0 of 132 bytes failed: 仅完成部分的 ReadProcessMemory 或 WriteProcessMemory 请求。 (0x12B)
[0818/165557.275:ERROR:process_memory_win.cc(73)] ReadMemory at 0x298ed458b20 of 132 bytes failed: 仅完成部分的 ReadProcessMemory 或 WriteProcessMemory 请求。 (0x12B)
[0818/165557.275:ERROR:process_memory_win.cc(73)] ReadMemory at 0x298ed458c50 of 132 bytes failed: 仅完成部分的 ReadProcessMemory 或 WriteProcessMemory 请求。 (0x12B)
[0818/165557.275:ERROR:process_memory_win.cc(73)] ReadMemory at 0x298ed458d80 of 132 bytes failed: 仅完成部分的 ReadProcessMemory 或 WriteProcessMemory 请求。 (0x12B)
[0818/165557.275:ERROR:process_memory_win.cc(73)] ReadMemory at 0x298ed458eb0 of 132 bytes failed: 仅完成部分的 ReadProcessMemory 或 WriteProcessMemory 请求。 (0x12B)
[0818/165557.276:ERROR:process_memory_win.cc(73)] ReadMemory at 0x298ed458fe0 of 132 bytes failed: 仅完成部分的 ReadProcessMemory 或 WriteProcessMemory 请求。 (0x12B)
[0818/165557.276:ERROR:process_memory_win.cc(73)] ReadMemory at 0x298ed459110 of 132 bytes failed: 仅完成部分的 ReadProcessMemory 或 WriteProcessMemory 请求。 (0x12B)
[0818/165557.276:ERROR:process_memory_win.cc(73)] ReadMemory at 0x298ed459240 of 132 bytes failed: 仅完成部分的 ReadProcessMemory 或 WriteProcessMemory 请求。 (0x12B)
[0818/165557.276:ERROR:process_memory_win.cc(73)] ReadMemory at 0x298ed459370 of 132 bytes failed: 仅完成部分的 ReadProcessMemory 或 WriteProcessMemory 请求。 (0x12B)
[0818/165557.276:ERROR:process_memory_win.cc(73)] ReadMemory at 0x298ed4594a0 of 132 bytes failed: 仅完成部分的 ReadProcessMemory 或 WriteProcessMemory 请求。 (0x12B)
[0818/165557.276:ERROR:process_memory_win.cc(73)] ReadMemory at 0x298ed4595d0 of 132 bytes failed: 仅完成部分的 ReadProcessMemory 或 WriteProcessMemory 请求。 (0x12B)
[0818/165557.276:ERROR:process_memory_win.cc(73)] ReadMemory at 0x298ed459700 of 132 bytes failed: 仅完成部分的 ReadProcessMemory 或 WriteProcessMemory 请求。 (0x12B)
[0818/165557.276:ERROR:process_memory_win.cc(73)] ReadMemory at 0x298ed459830 of 132 bytes failed: 仅完成部分的 ReadProcessMemory 或 WriteProcessMemory 请求。 (0x12B)
[0818/165557.276:ERROR:process_memory_win.cc(73)] ReadMemory at 0x298ed459a90 of 132 bytes failed: 仅完成部分的 ReadProcessMemory 或 WriteProcessMemory 请求。 (0x12B)
[0818/165557.276:ERROR:process_memory_win.cc(73)] ReadMemory at 0x298ed459bc0 of 132 bytes failed: 仅完成部分的 ReadProcessMemory 或 WriteProcessMemory 请求。 (0x12B)
[0818/165557.276:ERROR:process_memory_win.cc(73)] ReadMemory at 0x298ed46d710 of 62 bytes failed: 仅完成部分的 ReadProcessMemory 或 WriteProcessMemory 请求。 (0x12B)
[0818/165557.276:ERROR:process_memory_win.cc(73)] ReadMemory at 0x298ed46d760 of 62 bytes failed: 仅完成部分的 ReadProcessMemory 或 WriteProcessMemory 请求。 (0x12B)
[0818/165557.276:ERROR:process_memory_win.cc(73)] ReadMemory at 0x298ed46d850 of 66 bytes failed: 仅完成部分的 ReadProcessMemory 或 WriteProcessMemory 请求。 (0x12B)
[0818/165557.276:ERROR:process_memory_win.cc(73)] ReadMemory at 0x298ed46d8f0 of 60 bytes failed: 仅完成部分的 ReadProcessMemory 或 WriteProcessMemory 请求。 (0x12B)
[0818/165557.277:ERROR:process_memory_win.cc(73)] ReadMemory at 0x298ed46da30 of 64 bytes failed: 仅完成部分的 ReadProcessMemory 或 WriteProcessMemory 请求。 (0x12B)
[0818/165557.277:ERROR:process_memory_win.cc(73)] ReadMemory at 0x298ed46dc60 of 58 bytes failed: 仅完成部分的 ReadProcessMemory 或 WriteProcessMemory 请求。 (0x12B)
[0818/165557.277:ERROR:process_memory_win.cc(73)] ReadMemory at 0x298ed46dda0 of 62 bytes failed: 仅完成部分的 ReadProcessMemory 或 WriteProcessMemory 请求。 (0x12B)
[0818/165557.277:ERROR:process_memory_win.cc(73)] ReadMemory at 0x298ed46ddf0 of 60 bytes failed: 仅完成部分的 ReadProcessMemory 或 WriteProcessMemory 请求。 (0x12B)
[0818/165557.277:ERROR:process_memory_win.cc(73)] ReadMemory at 0x298ed46de40 of 58 bytes failed: 仅完成部分的 ReadProcessMemory 或 WriteProcessMemory 请求。 (0x12B)
[0818/165557.277:ERROR:process_memory_win.cc(73)] ReadMemory at 0x298ed46e160 of 58 bytes failed: 仅完成部分的 ReadProcessMemory 或 WriteProcessMemory 请求。 (0x12B)
[0818/165557.277:ERROR:process_memory_win.cc(73)] ReadMemory at 0x298ed47a3e0 of 512 bytes failed: 仅完成部分的 ReadProcessMemory 或 WriteProcessMemory 请求。 (0x12B)
[0818/165557.277:ERROR:process_memory_win.cc(73)] ReadMemory at 0x298ed47b660 of 512 bytes failed: 仅完成部分的 ReadProcessMemory 或 WriteProcessMemory 请求。 (0x12B)
[0818/165557.277:ERROR:process_memory_win.cc(73)] ReadMemory at 0x298ed5c0dc0 of 512 bytes failed: 仅完成部分的 ReadProcessMemory 或 WriteProcessMemory 请求。 (0x12B)
[0818/165557.277:ERROR:process_memory_win.cc(73)] ReadMemory at 0x298ed5c1240 of 512 bytes failed: 仅完成部分的 ReadProcessMemory 或 WriteProcessMemory 请求。 (0x12B)
[0818/165557.277:ERROR:process_memory_win.cc(73)] ReadMemory at 0x298ed5c25c0 of 512 bytes failed: 仅完成部分的 ReadProcessMemory 或 WriteProcessMemory 请求。 (0x12B)
[0818/165557.277:ERROR:process_memory_win.cc(73)] ReadMemory at 0x298eda25a30 of 512 bytes failed: 仅完成部分的 ReadProcessMemory 或 WriteProcessMemory 请求。 (0x12B)
[0818/165557.277:ERROR:process_memory_win.cc(73)] ReadMemory at 0x298eda324d0 of 512 bytes failed: 仅完成部分的 ReadProcessMemory 或 WriteProcessMemory 请求。 (0x12B)
[0818/165557.278:ERROR:process_memory_win.cc(73)] ReadMemory at 0x298eda3ba60 of 512 bytes failed: 仅完成部分的 ReadProcessMemory 或 WriteProcessMemory 请求。 (0x12B)
[0818/165557.278:ERROR:process_memory_win.cc(73)] ReadMemory at 0x298eda6e610 of 712 bytes failed: 仅完成部分的 ReadProcessMemory 或 WriteProcessMemory 请求。 (0x12B)
[0818/165557.278:ERROR:process_memory_win.cc(73)] ReadMemory at 0x298edae9310 of 512 bytes failed: 仅完成部分的 ReadProcessMemory 或 WriteProcessMemory 请求。 (0x12B)
[0818/165557.278:ERROR:process_memory_win.cc(73)] ReadMemory at 0x298edb10000 of 384 bytes failed: 仅完成部分的 ReadProcessMemory 或 WriteProcessMemory 请求。 (0x12B)
[0818/165557.278:ERROR:process_memory_win.cc(73)] ReadMemory at 0x298ef388a00 of 512 bytes failed: 仅完成部分的 ReadProcessMemory 或 WriteProcessMemory 请求。 (0x12B)
[0818/165557.278:ERROR:process_memory_win.cc(73)] ReadMemory at 0x298ef397dc0 of 512 bytes failed: 仅完成部分的 ReadProcessMemory 或 WriteProcessMemory 请求。 (0x12B)
[0818/165557.278:ERROR:process_memory_win.cc(73)] ReadMemory at 0x298ef3a6c60 of 512 bytes failed: 仅完成部分的 ReadProcessMemory 或 WriteProcessMemory 请求。 (0x12B)
[0818/165557.278:ERROR:process_memory_win.cc(73)] ReadMemory at 0x298ef4a94b8 of 592 bytes failed: 仅完成部分的 ReadProcessMemory 或 WriteProcessMemory 请求。 (0x12B)
[0818/165557.278:ERROR:process_memory_win.cc(73)] ReadMemory at 0x298ef4ab210 of 512 bytes failed: 仅完成部分的 ReadProcessMemory 或 WriteProcessMemory 请求。 (0x12B)
[0818/165557.278:ERROR:process_memory_win.cc(73)] ReadMemory at 0x298efac5910 of 512 bytes failed: 仅完成部分的 ReadProcessMemory 或 WriteProcessMemory 请求。 (0x12B)
[0818/165557.278:ERROR:process_memory_win.cc(73)] ReadMemory at 0x298f32efa30 of 512 bytes failed: 仅完成部分的 ReadProcessMemory 或 WriteProcessMemory 请求。 (0x12B)
[0818/165557.278:ERROR:process_memory_win.cc(73)] ReadMemory at 0x298fbaa70a0 of 512 bytes failed: 仅完成部分的 ReadProcessMemory 或 WriteProcessMemory 请求。 (0x12B)
[0818/165557.278:ERROR:process_memory_win.cc(73)] ReadMemory at 0x298fbaa7730 of 512 bytes failed: 仅完成部分的 ReadProcessMemory 或 WriteProcessMemory 请求。 (0x12B)
[0818/165557.278:ERROR:process_memory_win.cc(73)] ReadMemory at 0x298fbaa7af0 of 512 bytes failed: 仅完成部分的 ReadProcessMemory 或 WriteProcessMemory 请求。 (0x12B)
[0818/165557.278:ERROR:process_memory_win.cc(73)] ReadMemory at 0x298fd2f9ff8 of 512 bytes failed: 仅完成部分的 ReadProcessMemory 或 WriteProcessMemory 请求。 (0x12B)
[0818/165557.278:ERROR:process_memory_win.cc(73)] ReadMemory at 0x298ff34ebc0 of 512 bytes failed: 仅完成部分的 ReadProcessMemory 或 WriteProcessMemory 请求。 (0x12B)
[0818/165557.278:ERROR:process_memory_win.cc(73)] ReadMemory at 0x7ffd34d75cc3 of 512 bytes failed: 仅完成部分的 ReadProcessMemory 或 WriteProcessMemory 请求。 (0x12B)
[0818/165557.279:ERROR:process_memory_win.cc(73)] ReadMemory at 0x7ffd3523d62b of 512 bytes failed: 仅完成部分的 ReadProcessMemory 或 WriteProcessMemory 请求。 (0x12B)
[0818/165557.279:ERROR:process_memory_win.cc(73)] ReadMemory at 0x7ffd356f6bb0 of 512 bytes failed: 仅完成部分的 ReadProcessMemory 或 WriteProcessMemory 请求。 (0x12B)
[0818/165557.279:ERROR:process_memory_win.cc(73)] ReadMemory at 0x7ffd35981f66 of 512 bytes failed: 仅完成部分的 ReadProcessMemory 或 WriteProcessMemory 请求。 (0x12B)
[0818/165557.279:ERROR:process_memory_win.cc(73)] ReadMemory at 0x7ffd36b7b0c2 of 512 bytes failed: 仅完成部分的 ReadProcessMemory 或 WriteProcessMemory 请求。 (0x12B)
[0818/165557.279:ERROR:process_memory_win.cc(73)] ReadMemory at 0x7ffd373b971c of 512 bytes failed: 仅完成部分的 ReadProcessMemory 或 WriteProcessMemory 请求。 (0x12B)
[0818/165557.279:ERROR:process_memory_win.cc(73)] ReadMemory at 0x7ffd3b4c9110 of 512 bytes failed: 仅完成部分的 ReadProcessMemory 或 WriteProcessMemory 请求。 (0x12B)
[0818/165557.279:ERROR:process_memory_win.cc(73)] ReadMemory at 0x7ffd9daba699 of 512 bytes failed: 仅完成部分的 ReadProcessMemory 或 WriteProcessMemory 请求。 (0x12B)
[0818/165557.279:ERROR:process_memory_win.cc(73)] ReadMemory at 0x7ffd9dcec6d0 of 512 bytes failed: 仅完成部分的 ReadProcessMemory 或 WriteProcessMemory 请求。 (0x12B)
[0818/165557.279:ERROR:process_memory_win.cc(73)] ReadMemory at 0x7ffd9fd9c074 of 672 bytes failed: 仅完成部分的 ReadProcessMemory 或 WriteProcessMemory 请求。 (0x12B)
[0818/165557.279:ERROR:process_memory_win.cc(73)] ReadMemory at 0x7ffd9fd9c674 of 512 bytes failed: 仅完成部分的 ReadProcessMemory 或 WriteProcessMemory 请求。 (0x12B)
[0818/165557.279:ERROR:process_memory_win.cc(73)] ReadMemory at 0x7ffd9fd9f924 of 608 bytes failed: 仅完成部分的 ReadProcessMemory 或 WriteProcessMemory 请求。 (0x12B)
[0818/165557.279:ERROR:process_memory_win.cc(73)] ReadMemory at 0x7ffd9fe2c428 of 18 bytes failed: 仅完成部分的 ReadProcessMemory 或 WriteProcessMemory 请求。 (0x12B)
[0818/165557.279:ERROR:process_memory_win.cc(73)] ReadMemory at 0x7ffd9fe5f4f8 of 40 bytes failed: 仅完成部分的 ReadProcessMemory 或 WriteProcessMemory 请求。 (0x12B)
[0818/165557.279:ERROR:process_memory_win.cc(73)] ReadMemory at 0x7ffd9fe5f978 of 48 bytes failed: 仅完成部分的 ReadProcessMemory 或 WriteProcessMemory 请求。 (0x12B)
[0818/165557.280:ERROR:process_memory_win.cc(73)] ReadMemory at 0x7ffd9fe63ba0 of 512 bytes failed: 仅完成部分的 ReadProcessMemory 或 WriteProcessMemory 请求。 (0x12B)
[0818/165557.280:ERROR:process_memory_win.cc(73)] ReadMemory at 0x7ffd9fe653c0 of 64 bytes failed: 仅完成部分的 ReadProcessMemory 或 WriteProcessMemory 请求。 (0x12B)
[0818/165557.281:ERROR:scoped_process_suspend.cc(40)] NtResumeProcess: 已尝试访问正在退出的过程。 (0xc000010a)
[0818/165639.359:ERROR:http_transport_win.cc(276)] WinHttpSendRequest: 操作成功完成。 (0x0)
